#separator \x09
#set_separator	,
#empty_field	(empty)
#unset_field	-
#path	ocsp
#open	2023-03-28-23-28-07
#fields	ts	id	hashAlgorithm	issuerNameHash	issuerKeyHash	serialNumber	certStatus	revoketime	revokereason	thisUpdate	nextUpdate
#types	time	string	string	string	string	string	string	time	string	time	time
1680029389.465717	Ft14Uq3zBtQ9FvwSK8	sha1	C72E798ADDFF6134B3BAED4742B8BBC6C0240763	8A747FAF85CDEE95CD3D9CD0E24614F371351D27	C61246585CEB56E10AB03211A34A38EE	good	-	-	1679903497.000000	1680504696.000000
1680029416.554218	FAih8MV5gTM2o6onk	sha1	2828E1C94506C213EDC35EAC058B3B41C4B61D87	0D98C0737FABBDBDD9474B49AD0A4A0CAC3EC77C	3FFF1A516977B20855AFE6F4	good	-	-	1680008586.000000	1680354185.000000
1680029421.985973	FejlCS3eDfSH59mY0a	sha1	48DAC9A0FB2BD32D4FF0DE68D2F567B735F9B3C4	142EB317B75856CBAE500940E61FAF9D8B14C2C6	038E3F2847DED53715C7DBFC36067EE9FF6E	good	-	-	1679943600.000000	1680548398.000000
1680029421.999375	FrNcw542I6mdqcfuXj	sha1	48DAC9A0FB2BD32D4FF0DE68D2F567B735F9B3C4	142EB317B75856CBAE500940E61FAF9D8B14C2C6	038E3F2847DED53715C7DBFC36067EE9FF6E	good	-	-	1679943600.000000	1680548398.000000
1680029422.726214	FldfOHMiNanUKYc5	sha1	84D56BF8098BD307B766D8E1EBAD6596AA6B6761	F5CDD53C0850F96A4F3AB797DA5683E669D268F7	364D1B9931B799C11447F9BB	good	-	-	1680010683.000000	1680356282.000000
1680029422.855709	FiSWb53y5OnjwRBfmi	sha1	48DAC9A0FB2BD32D4FF0DE68D2F567B735F9B3C4	142EB317B75856CBAE500940E61FAF9D8B14C2C6	046031C806A37508A3D62B06FCEBC135322B	good	-	-	1679947200.000000	1680551998.000000
1680029426.182381	Fuz4rq1dYo320FJvY6	sha1	B757B5B69C07F81623138E90C92A0EBE3201AA31	607B661A450D97CA89502F7D04CD34A8FFFCFD4B	7D4D42A92B431D7E6453E7C19A8D5877	good	-	-	1680011618.000000	1680357217.000000
1680029426.247352	F610181QmOES4zn8Ae	sha1	8F7702DC0E21D05E555FA7C877EE1AE931EAD382	4FCBACA8C2EFABDD836F6BBFCE983D5C58257615	30ACDE209F54A6BC0BD845E2	good	-	-	1680016204.000000	1680361803.000000
1680029426.826949	FOZOXF2Z3QuBeFgaW1	sha1	430BD20E4F137A1A6C918F24E5DA7E324D4733C8	8D8C5EC454AD8AE177E99BF99B05E1B8018D61E1	7D426651E18D6FF3C5D6573DC548ED64	good	-	-	1679838246.000000	1680443045.000000
1680029439.473164	FvrQAL1R1bjTzrNmWg	sha1	48DAC9A0FB2BD32D4FF0DE68D2F567B735F9B3C4	142EB317B75856CBAE500940E61FAF9D8B14C2C6	03AAD687AA0481A5C1610F47ECEF60FE526B	good	-	-	1679889600.000000	1680494398.000000
1680029440.432045	FMAX942QQfEzrvi4Gg	sha1	39D28B71FE1D19B65FB3F1288F23BC04595C4395	4E2254201895E6E36EE60FFAFAB912ED06178F39	085F94C02D857BE8CC14FF53EDA23E2A	good	-	-	1679933615.000000	1680538415.000000
1680029440.494164	F92fbb18P6scOCv0Ll	sha1	A7C4B8B3DC5BB5581EA7D7F13AC569F56F48D789	748580C066C7DF37DECFBD2937AA031DBEEDCD17	0C6797D8881708837F13880AAB499595	good	-	-	1679950622.000000	1680552722.000000
1680029440.908446	FOx81X2z189kl4uhRk	sha1	A7C4B8B3DC5BB5581EA7D7F13AC569F56F48D789	748580C066C7DF37DECFBD2937AA031DBEEDCD17	06A818DE19039749F7360DA8D5B6A849	good	-	-	1680003902.000000	1680606002.000000
1680029440.936018	Fh5i3x3WyLW2kiBfC7	sha1	A7C4B8B3DC5BB5581EA7D7F13AC569F56F48D789	748580C066C7DF37DECFBD2937AA031DBEEDCD17	06A818DE19039749F7360DA8D5B6A849	good	-	-	1680003902.000000	1680606002.000000
1680029446.797147	FiS0eLP8Onv99RVD8	sha1	48DAC9A0FB2BD32D4FF0DE68D2F567B735F9B3C4	142EB317B75856CBAE500940E61FAF9D8B14C2C6	030FF246F106A6820E8ABD109EEAFF5F8042	good	-	-	1679954400.000000	1680559198.000000
1680029452.728341	FVTb0ShFNODbx3Hpl	sha1	48DAC9A0FB2BD32D4FF0DE68D2F567B735F9B3C4	142EB317B75856CBAE500940E61FAF9D8B14C2C6	047D10ACC0E5AC1AB274775AD6238FB8ADB7	good	-	-	1679896800.000000	1680501598.000000
1680029453.162602	FAB0vX2hsM13jyhVMh	sha1	430BD20E4F137A1A6C918F24E5DA7E324D4733C8	8D8C5EC454AD8AE177E99BF99B05E1B8018D61E1	14B6BF0387DCD9C12F168E91545E7F0D	good	-	-	1680007262.000000	1680612061.000000
1680029453.374983	FPT2BC40A6g3DCy5Vh	sha1	48DAC9A0FB2BD32D4FF0DE68D2F567B735F9B3C4	142EB317B75856CBAE500940E61FAF9D8B14C2C6	03F648EF66748E8CE9E8312ECEE0022452D8	good	-	-	1679925600.000000	1680530398.000000
1680029453.479374	FOeWnirrfLQg6Dt03	sha1	B6080D5F6C6B76EB13E438A5F8660BA85233344E	40C2BD278ECC348330A233D7FB6CB3F0B42C80CE	DE89066DD1A9F539	good	-	-	1679933895.000000	1680063495.000000
1680029453.733286	FbVzkE1m7Fv9ydF0h7	sha1	48DAC9A0FB2BD32D4FF0DE68D2F567B735F9B3C4	142EB317B75856CBAE500940E61FAF9D8B14C2C6	030CDF566CA1BC3C88DB68B530BA7A3801DE	good	-	-	1679886000.000000	1680490798.000000
1680029454.625294	FmI5Wr4XPd65h0Q9ub	sha1	48DAC9A0FB2BD32D4FF0DE68D2F567B735F9B3C4	142EB317B75856CBAE500940E61FAF9D8B14C2C6	0417D7794587E3293A222161750AAED0B4FA	good	-	-	1679911200.000000	1680515998.000000
1680029454.841614	FZ8fUhjc1ppkg2hV6	sha1	430BD20E4F137A1A6C918F24E5DA7E324D4733C8	8D8C5EC454AD8AE177E99BF99B05E1B8018D61E1	E3106A3C39B8AF75CC2A0739E344DF8B	good	-	-	1679873662.000000	1680478461.000000
1680029454.868353	FsHxoh4t4TW09X8Cs4	sha1	84D56BF8098BD307B766D8E1EBAD6596AA6B6761	F5CDD53C0850F96A4F3AB797DA5683E669D268F7	0AE9A46F3EEA0C445308AD59	good	-	-	1680016762.000000	1680362361.000000
1680029455.493784	FZ21Pi4AztLusxLW9l	sha1	48DAC9A0FB2BD32D4FF0DE68D2F567B735F9B3C4	142EB317B75856CBAE500940E61FAF9D8B14C2C6	03D070BBD3B5273223934BA09EBBDD9B8124	good	-	-	1679853600.000000	1680458398.000000
1680029466.321215	Fp82Yh3AIXXUyix781	sha1	84D56BF8098BD307B766D8E1EBAD6596AA6B6761	F5CDD53C0850F96A4F3AB797DA5683E669D268F7	3D202AD77DD2C09059407C98	good	-	-	1680009901.000000	1680355500.000000
1680029469.632283	FWojlC26Z1EOQ0Z6Ac	sha1	48DAC9A0FB2BD32D4FF0DE68D2F567B735F9B3C4	142EB317B75856CBAE500940E61FAF9D8B14C2C6	04E160A3665A40F16D36CB14B7D40F64CAC4	good	-	-	1679853600.000000	1680458398.000000
1680029469.925850	FDvXiT1ES8P7POIqqf	sha1	48DAC9A0FB2BD32D4FF0DE68D2F567B735F9B3C4	142EB317B75856CBAE500940E61FAF9D8B14C2C6	0314542F7FCD4359F961D048B2C8B69CA51E	good	-	-	1679932800.000000	1680537598.000000
1680029470.810446	F90v31NQu7lMkEbBg	sha1	48DAC9A0FB2BD32D4FF0DE68D2F567B735F9B3C4	142EB317B75856CBAE500940E61FAF9D8B14C2C6	03E599E09F2363D0EAB3F40A567105ACBA8A	good	-	-	1679940000.000000	1680544798.000000
1680029470.810446	FCVCv741XsYnwy0082	sha1	48DAC9A0FB2BD32D4FF0DE68D2F567B735F9B3C4	142EB317B75856CBAE500940E61FAF9D8B14C2C6	044B62192A40AC418DACA285E7C2615D4758	good	-	-	1679940000.000000	1680544798.000000
1680029470.823034	FHyXe33zBXk7vvUHe5	sha1	48DAC9A0FB2BD32D4FF0DE68D2F567B735F9B3C4	142EB317B75856CBAE500940E61FAF9D8B14C2C6	034A451A8B2B065739977C3224E441B06357	good	-	-	1679940000.000000	1680544798.000000
1680029470.926821	FaVUkBL29i6jXv9Vf	sha1	48DAC9A0FB2BD32D4FF0DE68D2F567B735F9B3C4	142EB317B75856CBAE500940E61FAF9D8B14C2C6	041B911A9B7ADF5129BCB58C2DE716ECB1B9	good	-	-	1679940000.000000	1680544798.000000
1680029475.245668	FvU1cc1fpmg3i11M9d	sha1	2828E1C94506C213EDC35EAC058B3B41C4B61D87	0D98C0737FABBDBDD9474B49AD0A4A0CAC3EC77C	4F61466BD7DF2BA59E01FB68	good	-	-	1680007960.000000	1680353559.000000
1680029475.259258	FxwkvH13TlgQdtoUgi	sha1	2828E1C94506C213EDC35EAC058B3B41C4B61D87	0D98C0737FABBDBDD9474B49AD0A4A0CAC3EC77C	4F61466BD7DF2BA59E01FB68	good	-	-	1680007960.000000	1680353559.000000
1680029476.317743	F2zNJe3QJP4AEhgBQc	sha1	EB8EBC9D472B7E0291771923F2A5F1C1C51E57B5	B3DB48A4F9A1C5D8AE3641CC1163696229BC4BC6	0DED78965349B368D41F7EE3E1EED1EB	good	-	-	1679936945.000000	1680541745.000000
1680029476.472881	FQi38y43b0YD4YBexd	sha1	48DAC9A0FB2BD32D4FF0DE68D2F567B735F9B3C4	142EB317B75856CBAE500940E61FAF9D8B14C2C6	0367B5DED0AAA4B2638D1183BBF17C0595A0	good	-	-	1679983200.000000	1680587998.000000
1680029477.050751	FjybYS3dJ4cqp8ktGf	sha1	48DAC9A0FB2BD32D4FF0DE68D2F567B735F9B3C4	142EB317B75856CBAE500940E61FAF9D8B14C2C6	049CB06E3B033547E49F4AA58A002E76228B	good	-	-	1679961600.000000	1680566398.000000
1680029477.316633	F2UZrzLHB6ey8Lqs4	sha1	48DAC9A0FB2BD32D4FF0DE68D2F567B735F9B3C4	142EB317B75856CBAE500940E61FAF9D8B14C2C6	04FC1E102EA377B9A87E99DE0BBE7D18EDC9	good	-	-	1679961600.000000	1680566398.000000
1680029477.341622	FduVPK3k4LYHHtNfDh	sha1	2828E1C94506C213EDC35EAC058B3B41C4B61D87	0D98C0737FABBDBDD9474B49AD0A4A0CAC3EC77C	3FFF1A516977B20855AFE6F4	good	-	-	1680008586.000000	1680354185.000000
1680029477.343703	FtcdOE11Ey56as8EQe	sha1	2828E1C94506C213EDC35EAC058B3B41C4B61D87	0D98C0737FABBDBDD9474B49AD0A4A0CAC3EC77C	3FFF1A516977B20855AFE6F4	good	-	-	1680008586.000000	1680354185.000000
1680029477.363217	F8RQj63nz7MhG7PAe2	sha1	2828E1C94506C213EDC35EAC058B3B41C4B61D87	0D98C0737FABBDBDD9474B49AD0A4A0CAC3EC77C	3FFF1A516977B20855AFE6F4	good	-	-	1680008586.000000	1680354185.000000
1680029479.136389	F6yf6m4SHsEeskail9	sha1	2828E1C94506C213EDC35EAC058B3B41C4B61D87	0D98C0737FABBDBDD9474B49AD0A4A0CAC3EC77C	3FFF1A516977B20855AFE6F4	good	-	-	1680008586.000000	1680354185.000000
1680029479.459137	F3Sfx02czJ6J7suzJ	sha1	2828E1C94506C213EDC35EAC058B3B41C4B61D87	0D98C0737FABBDBDD9474B49AD0A4A0CAC3EC77C	3FFF1A516977B20855AFE6F4	good	-	-	1680008586.000000	1680354185.000000
1680029479.513483	FVct7G23Zhfe6Oc6Bk	sha1	2828E1C94506C213EDC35EAC058B3B41C4B61D87	0D98C0737FABBDBDD9474B49AD0A4A0CAC3EC77C	3FFF1A516977B20855AFE6F4	good	-	-	1680008586.000000	1680354185.000000
1680029479.517754	FM5s5H1kvmT9pZQrn3	sha1	2828E1C94506C213EDC35EAC058B3B41C4B61D87	0D98C0737FABBDBDD9474B49AD0A4A0CAC3EC77C	3FFF1A516977B20855AFE6F4	good	-	-	1680008586.000000	1680354185.000000
1680029479.531958	FKWVaI2fKdYdWyqe93	sha1	2828E1C94506C213EDC35EAC058B3B41C4B61D87	0D98C0737FABBDBDD9474B49AD0A4A0CAC3EC77C	3FFF1A516977B20855AFE6F4	good	-	-	1680008586.000000	1680354185.000000
1680029479.614573	F0cNlg1UdiS5rSWnw4	sha1	2828E1C94506C213EDC35EAC058B3B41C4B61D87	0D98C0737FABBDBDD9474B49AD0A4A0CAC3EC77C	3FFF1A516977B20855AFE6F4	good	-	-	1680008586.000000	1680354185.000000
1680029479.693100	FJoBL32PVc0FLWtoxb	sha1	2828E1C94506C213EDC35EAC058B3B41C4B61D87	0D98C0737FABBDBDD9474B49AD0A4A0CAC3EC77C	3FFF1A516977B20855AFE6F4	good	-	-	1680008586.000000	1680354185.000000
1680029479.911464	FuyQDoNoDxqn4JPYf	sha1	B6080D5F6C6B76EB13E438A5F8660BA85233344E	40C2BD278ECC348330A233D7FB6CB3F0B42C80CE	EC0906BAA761794C	good	-	-	1679935116.000000	1680064716.000000
1680029481.004771	FrVOd23CS8XjGkIak3	sha1	430BD20E4F137A1A6C918F24E5DA7E324D4733C8	8D8C5EC454AD8AE177E99BF99B05E1B8018D61E1	DB345EB8FAA84C1C511487E57CE8D77C	good	-	-	1679450355.000000	1680055154.000000
1680029488.200510	FdqXxp43eiyjmXNfei	sha1	48DAC9A0FB2BD32D4FF0DE68D2F567B735F9B3C4	142EB317B75856CBAE500940E61FAF9D8B14C2C6	04AE40A8478CE178C4D3D35D70E9ABBB95DB	good	-	-	1679947200.000000	1680551998.000000
1680029491.136435	FxDrzp2lGPt1NIj7Xb	sha1	C72E798ADDFF6134B3BAED4742B8BBC6C0240763	8A747FAF85CDEE95CD3D9CD0E24614F371351D27	1BF03C93AC4EE3020ACF50EC1C1F11D6	good	-	-	1679905337.000000	1680506536.000000
1680029512.017856	Fd4w3H2AjBewE3QlV6	sha1	48DAC9A0FB2BD32D4FF0DE68D2F567B735F9B3C4	142EB317B75856CBAE500940E61FAF9D8B14C2C6	03C78937DEA857EC5AE66267E7E5E0E30650	good	-	-	1679947200.000000	1680551998.000000
1680029512.344687	Fkwnd52Qp7PghMyRtj	sha1	84D56BF8098BD307B766D8E1EBAD6596AA6B6761	F5CDD53C0850F96A4F3AB797DA5683E669D268F7	0C824E78BFBB3D51491AF893	good	-	-	1680011260.000000	1680356859.000000
1680029512.373357	FnPq9Y2AnT0zcsEwnh	sha1	48DAC9A0FB2BD32D4FF0DE68D2F567B735F9B3C4	142EB317B75856CBAE500940E61FAF9D8B14C2C6	039BD9CCD7D44340944F3389D341218BA048	good	-	-	1679886000.000000	1680490798.000000
1680029512.964925	FiLCJ4249CtLodjn54	sha1	B6080D5F6C6B76EB13E438A5F8660BA85233344E	40C2BD278ECC348330A233D7FB6CB3F0B42C80CE	447D843168643646	good	-	-	1679934139.000000	1680063739.000000
1680029513.260240	F6Y2kq2n0m5onkmi8b	sha1	48DAC9A0FB2BD32D4FF0DE68D2F567B735F9B3C4	142EB317B75856CBAE500940E61FAF9D8B14C2C6	032266BAD0CC2400ABB252AC0E3979BA956F	good	-	-	1679886000.000000	1680490798.000000
1680029513.426269	FEDN7p4V70DBVr2qu4	sha1	84D56BF8098BD307B766D8E1EBAD6596AA6B6761	F5CDD53C0850F96A4F3AB797DA5683E669D268F7	56442B1C9A220D9D0BEFCF3B	good	-	-	1680006603.000000	1680352202.000000
1680029519.210068	FYIj8K2dR5sX3xW76j	sha1	8F7702DC0E21D05E555FA7C877EE1AE931EAD382	4FCBACA8C2EFABDD836F6BBFCE983D5C58257615	34CF7FBFC506E6A53BA9E815	good	-	-	1680010164.000000	1680355763.000000
1680029528.434048	FfIgHB3kRRU9HpUHcj	sha1	52FECA108DB4E5AB5268930D27C82FF215E24BB5	00AB91FC216226979AA8791B61419060A96267FD	330097E8819F04DA03E19EFB8100000097E881	good	-	-	1679843649.000000	1680353413.000000
1680029529.607215	FMaHpC3LgCsSzSsrTl	sha1	48DAC9A0FB2BD32D4FF0DE68D2F567B735F9B3C4	142EB317B75856CBAE500940E61FAF9D8B14C2C6	041E757E5E023C8370910497F0B9E52FFCA5	good	-	-	1679932800.000000	1680537598.000000
1680029567.529092	FCB00D4KLbS2XboEid	sha1	48DAC9A0FB2BD32D4FF0DE68D2F567B735F9B3C4	142EB317B75856CBAE500940E61FAF9D8B14C2C6	04A1147CDF010556D01905CE018DBED7917E	good	-	-	1679896800.000000	1680501598.000000
1680029569.344358	F6GkQ21In7mwQ3vEve	sha1	48DAC9A0FB2BD32D4FF0DE68D2F567B735F9B3C4	142EB317B75856CBAE500940E61FAF9D8B14C2C6	04D095379EA987D5B7B28A2E37A8D801546B	good	-	-	1679932800.000000	1680537598.000000
1680029601.999529	FUQGYK1BaJn13NfrE3	sha1	48DAC9A0FB2BD32D4FF0DE68D2F567B735F9B3C4	142EB317B75856CBAE500940E61FAF9D8B14C2C6	03B1AF4BA68DA06F82CF7F04661A135F6149	good	-	-	1679853600.000000	1680458398.000000
1680029617.862928	FKxTT22zzr1iAxqjR7	sha1	48DAC9A0FB2BD32D4FF0DE68D2F567B735F9B3C4	142EB317B75856CBAE500940E61FAF9D8B14C2C6	0378051451702B834A4D49F183DBC9EE373C	good	-	-	1679979600.000000	1680584398.000000
